<?xml version="1.0" encoding="UTF-8"?>
<testExecutions version="1">
  <file path="D:\U\seminarioA\corte3\backend_seminario_actualizacion\test\usuarios.test.js">
    <testCase name="POST /auth/login logueo de usuario" duration="2013"/>
    <testCase name="POST /usuarios/ Crear usuario" duration="384"/>
    <testCase name="POST /usuarios/ Get all usuarios" duration="173"/>
    <testCase name="POST /usuarios/ Actualizar usuario" duration="472"/>
    <testCase name="POST /usuarios/ Eliminar usuario" duration="438"/>
  </file>
</testExecutions>